<?xml version="1.0" encoding="UTF-8"?>
<!-- Generated by org.testng.reporters.JUnitReportReporter -->
<testsuite skipped="0" hostname="DESKTOP-28SP9HL" name="tests.AddToCartTestCases" tests="1" failures="0" timestamp="18 May 2019 12:50:49 GMT" time="11.225" errors="0">
  <testcase name="add_Desktop_to_cart" time="11.225" classname="tests.AddToCartTestCases"/>
</testsuite> <!-- tests.AddToCartTestCases -->
