<?xml version="1.0" encoding="UTF-8"?>
<!-- Generated by org.testng.reporters.JUnitReportReporter -->
<testsuite skipped="0" hostname="DESKTOP-28SP9HL" name="tests.AddToCartTestCases" tests="1" failures="0" timestamp="28 Apr 2019 22:44:33 GMT" time="14.639" errors="0">
  <testcase name="add_Desktop_to_cart" time="14.639" classname="tests.AddToCartTestCases"/>
</testsuite> <!-- tests.AddToCartTestCases -->
