<?xml version="1.0" encoding="UTF-8"?>
<!-- Generated by org.testng.reporters.JUnitReportReporter -->
<testsuite skipped="0" hostname="FoxLap" name="tests.AddToCartTestCases" tests="1" failures="0" timestamp="25 May 2019 20:00:46 GMT" time="12.142" errors="0">
  <testcase name="add_Desktop_to_cart" time="12.142" classname="tests.AddToCartTestCases"/>
</testsuite> <!-- tests.AddToCartTestCases -->
