<?xml version="1.0" encoding="UTF-8"?>
<!-- Generated by org.testng.reporters.JUnitReportReporter -->
<testsuite skipped="1" hostname="DESKTOP-28SP9HL" name="tests.RegisterationTestCase" tests="9" failures="0" timestamp="28 Apr 2019 18:58:15 GMT" time="36.766" errors="0">
  <testcase name="open_registeration_page" time="2.080" classname="tests.RegisterationTestCase"/>
  <testcase name="RegisterNewUserWithCorrectCredentialWithExcel" time="5.445" classname="tests.RegisterationTestCase"/>
  <testcase name="add_data_to_excel" time="2.462" classname="tests.RegisterationTestCase"/>
  <testcase name="RegisterNewUserWithCorrectCredentialWithExcel" time="4.906" classname="tests.RegisterationTestCase"/>
  <testcase name="RegisterNewUserWithCorrectCredentialWithExcel" time="4.873" classname="tests.RegisterationTestCase"/>
  <testcase name="RegisterNewUserWithCorrectCredentialWithExcel" time="4.848" classname="tests.RegisterationTestCase"/>
  <testcase name="RegisterNewUserWithCorrectCredentialWithExcel" time="7.132" classname="tests.RegisterationTestCase"/>
  <testcase name="RegisterNewUserWithCorrectCredentialWithExcel" time="5.020" classname="tests.RegisterationTestCase"/>
  <testcase name="RegisterNewUserWithCorrectcredential" classname="tests.RegisterationTestCase">
    <skipped/>
  </testcase> <!-- RegisterNewUserWithCorrectcredential -->
</testsuite> <!-- tests.RegisterationTestCase -->
