<?xml version="1.0" encoding="UTF-8"?>
<!-- Generated by org.testng.reporters.JUnitReportReporter -->
<testsuite skipped="3" hostname="MoRizk" name="tests.RegisterationTestCase" tests="4" failures="0" timestamp="15 Apr 2019 17:52:50 GMT" time="0.586" errors="0">
  <testcase name="add_data_to_excel" time="0.586" classname="tests.RegisterationTestCase"/>
  <testcase name="RegisterNewUserWithCorrectCredentialWithExcel" time="0.000" classname="tests.RegisterationTestCase">
    <skipped/>
  </testcase> <!-- RegisterNewUserWithCorrectCredentialWithExcel -->
  <testcase name="open_registeration_page" classname="tests.RegisterationTestCase">
    <skipped/>
  </testcase> <!-- open_registeration_page -->
  <testcase name="RegisterNewUserWithCorrectcredential" classname="tests.RegisterationTestCase">
    <skipped/>
  </testcase> <!-- RegisterNewUserWithCorrectcredential -->
</testsuite> <!-- tests.RegisterationTestCase -->
