<?xml version="1.0" encoding="UTF-8"?>
<!-- Generated by org.testng.reporters.JUnitReportReporter -->
<testsuite skipped="1" hostname="MoRizk" name="tests.RegisterationTestCase" tests="9" failures="0" timestamp="25 Apr 2019 21:15:43 GMT" time="48.322" errors="0">
  <testcase name="open_registeration_page" time="13.317" classname="tests.RegisterationTestCase"/>
  <testcase name="RegisterNewUserWithCorrectCredentialWithExcel" time="6.242" classname="tests.RegisterationTestCase"/>
  <testcase name="add_data_to_excel" time="0.703" classname="tests.RegisterationTestCase"/>
  <testcase name="RegisterNewUserWithCorrectCredentialWithExcel" time="4.750" classname="tests.RegisterationTestCase"/>
  <testcase name="RegisterNewUserWithCorrectCredentialWithExcel" time="5.344" classname="tests.RegisterationTestCase"/>
  <testcase name="RegisterNewUserWithCorrectCredentialWithExcel" time="5.524" classname="tests.RegisterationTestCase"/>
  <testcase name="RegisterNewUserWithCorrectCredentialWithExcel" time="7.149" classname="tests.RegisterationTestCase"/>
  <testcase name="RegisterNewUserWithCorrectCredentialWithExcel" time="5.293" classname="tests.RegisterationTestCase"/>
  <testcase name="RegisterNewUserWithCorrectcredential" classname="tests.RegisterationTestCase">
    <skipped/>
  </testcase> <!-- RegisterNewUserWithCorrectcredential -->
</testsuite> <!-- tests.RegisterationTestCase -->
