<?xml version="1.0" encoding="UTF-8"?>
<!-- Generated by org.testng.reporters.JUnitReportReporter -->
<testsuite skipped="1" hostname="FoxLap" name="tests.RegisterationTestCase" tests="9" failures="0" timestamp="28 May 2019 08:51:10 GMT" time="26.825" errors="0">
  <testcase name="open_registeration_page" time="0.759" classname="tests.RegisterationTestCase"/>
  <testcase name="RegisterNewUserWithCorrectCredentialWithExcel" time="5.604" classname="tests.RegisterationTestCase"/>
  <testcase name="RegisterNewUserWithCorrectCredentialWithExcel" time="3.682" classname="tests.RegisterationTestCase"/>
  <testcase name="RegisterNewUserWithCorrectCredentialWithExcel" time="4.302" classname="tests.RegisterationTestCase"/>
  <testcase name="RegisterNewUserWithCorrectCredentialWithExcel" time="3.796" classname="tests.RegisterationTestCase"/>
  <testcase name="RegisterNewUserWithCorrectCredentialWithExcel" time="3.771" classname="tests.RegisterationTestCase"/>
  <testcase name="add_data_to_excel" time="1.018" classname="tests.RegisterationTestCase"/>
  <testcase name="RegisterNewUserWithCorrectCredentialWithExcel" time="3.893" classname="tests.RegisterationTestCase"/>
  <testcase name="RegisterNewUserWithCorrectcredential" classname="tests.RegisterationTestCase">
    <skipped/>
  </testcase> <!-- RegisterNewUserWithCorrectcredential -->
</testsuite> <!-- tests.RegisterationTestCase -->
