<?xml version="1.0" encoding="UTF-8"?>
<!-- Generated by org.testng.reporters.JUnitReportReporter -->
<testsuite skipped="0" hostname="MoRizk" name="tests.RegisterationTestCase" tests="2" failures="0" timestamp="03 Apr 2019 22:57:56 GMT" time="33.531" errors="0">
  <testcase name="open_registeration_page" time="19.292" classname="tests.RegisterationTestCase"/>
  <testcase name="RegisterNewUserWithCorrectcredential" time="14.239" classname="tests.RegisterationTestCase"/>
</testsuite> <!-- tests.RegisterationTestCase -->
