<?xml version="1.0" encoding="UTF-8"?>
<!-- Generated by org.testng.reporters.JUnitReportReporter -->
<testsuite skipped="0" hostname="MoRizk" name="tests.HomePageTestCase" tests="2" failures="0" timestamp="01 Apr 2019 21:10:28 GMT" time="4.126" errors="0">
  <testcase name="opening_desktops_page" time="3.030" classname="tests.HomePageTestCase"/>
  <testcase name="open_registeration_page" time="1.096" classname="tests.HomePageTestCase"/>
</testsuite> <!-- tests.HomePageTestCase -->
